<?xml version="1.0" encoding="UTF-8"?>
<testng-results ignored="0" total="1" passed="1" failed="0" skipped="0">
  <reporter-output>
  </reporter-output>
  <suite started-at="2021-03-11T02:09:46Z" name="Default suite" finished-at="2021-03-11T02:15:15Z" duration-ms="329393">
    <groups>
    </groups>
    <test started-at="2021-03-11T02:09:46Z" name="Default test" finished-at="2021-03-11T02:15:15Z" duration-ms="329393">
      <class name="cpsat.handson.exercise.testcases.Task_02">
        <test-method is-config="true" signature="openBrowser()[pri:0, instance:cpsat.handson.exercise.testcases.Task_02@36d585c]" started-at="2021-03-10T18:09:34Z" name="openBrowser" finished-at="2021-03-10T18:09:46Z" duration-ms="12367" status="PASS">
          <reporter-output>
          </reporter-output>
        </test-method> <!-- openBrowser -->
        <test-method signature="verifyHref()[pri:0, instance:cpsat.handson.exercise.testcases.Task_02@36d585c]" started-at="2021-03-10T18:09:46Z" name="verifyHref" finished-at="2021-03-10T18:15:15Z" duration-ms="329342" status="PASS">
          <reporter-output>
          </reporter-output>
        </test-method> <!-- verifyHref -->
        <test-method is-config="true" signature="closeBrowser()[pri:0, instance:cpsat.handson.exercise.testcases.Task_02@36d585c]" started-at="2021-03-10T18:15:15Z" name="closeBrowser" finished-at="2021-03-10T18:15:17Z" duration-ms="1202" status="PASS">
          <reporter-output>
          </reporter-output>
        </test-method> <!-- closeBrowser -->
      </class> <!-- cpsat.handson.exercise.testcases.Task_02 -->
    </test> <!-- Default test -->
  </suite> <!-- Default suite -->
</testng-results>
